[debug] [2017-10-21T07:00:43.482Z] ----------------------------------------------------------------------
[debug] [2017-10-21T07:00:43.496Z] Command:       C:\Program Files\nodejs\node.exe C:\Users\Samsung\AppData\Roaming\npm\node_modules\firebase-tools\bin\firebase serve
[debug] [2017-10-21T07:00:43.498Z] CLI Version:   3.12.0
[debug] [2017-10-21T07:00:43.499Z] Platform:      win32
[debug] [2017-10-21T07:00:43.499Z] Node Version:  v6.11.2
[debug] [2017-10-21T07:00:43.502Z] Time:          Sat Oct 21 2017 16:00:43 GMT+0900 (대한민국 표준시)
[debug] [2017-10-21T07:00:43.502Z] ----------------------------------------------------------------------
[debug] 
[debug] [2017-10-21T07:00:43.557Z] > command requires scopes: ["email","openid","https://www.googleapis.com/auth/cloudplatformprojects.readonly","https://www.googleapis.com/auth/firebase","https://www.googleapis.com/auth/cloud-platform"]
[debug] [2017-10-21T07:00:43.560Z] > authorizing via signed-in user
[debug] [2017-10-21T07:00:43.571Z] >>> HTTP REQUEST GET https://admin.firebase.com/v1/projects/school-smart-mirror  
 Sat Oct 21 2017 16:00:43 GMT+0900 (대한민국 표준시)
[debug] [2017-10-21T07:00:45.467Z] <<< HTTP RESPONSE 200
[debug] [2017-10-21T07:00:45.472Z] >>> HTTP REQUEST GET https://admin.firebase.com/v1/database/school-smart-mirror/tokens  
 Sat Oct 21 2017 16:00:45 GMT+0900 (대한민국 표준시)
[debug] [2017-10-21T07:00:46.482Z] <<< HTTP RESPONSE 200
[info] 
[info] === Serving from 'D:\ssm_website'...
[info] 
[debug] [2017-10-21T07:00:46.495Z] >>> HTTP REQUEST GET https://cloudresourcemanager.googleapis.com/v1/projects/school-smart-mirror  
 Sat Oct 21 2017 16:00:46 GMT+0900 (대한민국 표준시)
[debug] [2017-10-21T07:00:47.918Z] <<< HTTP RESPONSE 200
[debug] [2017-10-21T07:00:47.921Z] >>> HTTP REQUEST GET https://mobilesdk-pa.googleapis.com/v1/projects/888269883027/clients/_:getWebAppConfig  
 Sat Oct 21 2017 16:00:47 GMT+0900 (대한민국 표준시)
[debug] [2017-10-21T07:00:49.483Z] <<< HTTP RESPONSE 200
[info] i  hosting: Serving hosting files from: public
[info] +  hosting: Local server: http://localhost:5000

